Using pre-set license
Built from '2020.2/release' branch; Version is '2020.2.2f1 (068178b99f32) revision 426360'; Using compiler version '192528614'; Build Type 'Release'
OS: 'Windows 10 Enterprise; OS build 19042.804; Version 2009; 64bit' Language: 'pl' Physical Memory: 32701 MB
BatchMode: 1, IsHumanControllingUs: 0, StartBugReporterOnCrash: 0, Is64bit: 1, IsPro: 0

 COMMAND LINE ARGUMENTS:
C:\Program Files\Unity\Hub\Editor\2020.2.2f1\Editor\Unity.exe
-adb2
-batchMode
-noUpm
-name
AssetImportWorker0
-projectPath
C:/Projekty/FallingBall/Falling Ball
-logFile
Logs/AssetImportWorker0.log
-srvPort
56588
Successfully changed project path to: C:/Projekty/FallingBall/Falling Ball
C:/Projekty/FallingBall/Falling Ball
Using Asset Import Pipeline V2.
Refreshing native plugins compatible for Editor in 45.89 ms, found 1 plugins.
Preloading 0 native plugins for Editor in 0.00 ms.
Initialize engine version: 2020.2.2f1 (068178b99f32)
[Subsystems] Discovering subsystems at path C:/Program Files/Unity/Hub/Editor/2020.2.2f1/Editor/Data/Resources/UnitySubsystems
[Subsystems] Discovering subsystems at path C:/Projekty/FallingBall/Falling Ball/Assets
GfxDevice: creating device client; threaded=0
Direct3D:
    Version:  Direct3D 11.0 [level 11.1]
    Renderer: NVIDIA GeForce GTX 1050 Ti (ID=0x1c82)
    Vendor:   
    VRAM:     4018 MB
    Driver:   27.21.14.5671
Initialize mono
Mono path[0] = 'C:/Program Files/Unity/Hub/Editor/2020.2.2f1/Editor/Data/Managed'
Mono path[1] = 'C:/Program Files/Unity/Hub/Editor/2020.2.2f1/Editor/Data/MonoBleedingEdge/lib/mono/unityjit'
Mono config path = 'C:/Program Files/Unity/Hub/Editor/2020.2.2f1/Editor/Data/MonoBleedingEdge/etc'
Using monoOptions --debugger-agent=transport=dt_socket,embedding=1,server=y,suspend=n,address=127.0.0.1:56644
Begin MonoManager ReloadAssembly
Registering precompiled unity dll's ...
Register platform support module: C:/Program Files/Unity/Hub/Editor/2020.2.2f1/Editor/Data/PlaybackEngines/WebGLSupport/UnityEditor.WebGL.Extensions.dll
Register platform support module: C:/Program Files/Unity/Hub/Editor/2020.2.2f1/Editor/Data/PlaybackEngines/MacStandaloneSupport/UnityEditor.OSXStandalone.Extensions.dll
Register platform support module: C:/Program Files/Unity/Hub/Editor/2020.2.2f1/Editor/Data/PlaybackEngines/WindowsStandaloneSupport/UnityEditor.WindowsStandalone.Extensions.dll
Register platform support module: C:/Program Files/Unity/Hub/Editor/2020.2.2f1/Editor/Data/PlaybackEngines/LinuxStandaloneSupport/UnityEditor.LinuxStandalone.Extensions.dll
Register platform support module: C:/Program Files/Unity/Hub/Editor/2020.2.2f1/Editor/Data/PlaybackEngines/LuminSupport/UnityEditor.Lumin.Extensions.dll
Registered in 0.003184 seconds.
Native extension for Lumin target not found
Native extension for LinuxStandalone target not found
Native extension for WindowsStandalone target not found
Native extension for OSXStandalone target not found
Native extension for WebGL target not found
Refreshing native plugins compatible for Editor in 42.16 ms, found 1 plugins.
Preloading 0 native plugins for Editor in 0.00 ms.
Invoked RoslynAnalysisRunner static constructor.
RoslynAnalysisRunner will not be running.
RoslynAnalysisRunner has terminated.
Mono: successfully reloaded assembly
- Completed reload, in  2.311 seconds
Platform modules already initialized, skipping
Registering precompiled user dll's ...
Registered in 0.000953 seconds.
Begin MonoManager ReloadAssembly
Native extension for Lumin target not found
Native extension for LinuxStandalone target not found
Native extension for WindowsStandalone target not found
Native extension for OSXStandalone target not found
Native extension for WebGL target not found
Refreshing native plugins compatible for Editor in 42.10 ms, found 1 plugins.
Preloading 0 native plugins for Editor in 0.00 ms.
Invoked RoslynAnalysisRunner static constructor.
RoslynAnalysisRunner will not be running.
RoslynAnalysisRunner has terminated.
Mono: successfully reloaded assembly
- Completed reload, in  0.858 seconds
Platform modules already initialized, skipping
========================================================================
Worker process is ready to serve import requests
Launched and connected shader compiler UnityShaderCompiler.exe after 0.04 seconds
Refreshing native plugins compatible for Editor in 1.00 ms, found 1 plugins.
Preloading 0 native plugins for Editor in 0.00 ms.
Unloading 2102 Unused Serialized files (Serialized files now loaded: 0)
System memory in use before: 94.2 MB.
System memory in use after: 94.3 MB.

Unloading 35 unused Assets to reduce memory usage. Loaded Objects now: 2533.
Total: 2.010600 ms (FindLiveObjects: 0.225800 ms CreateObjectMapping: 0.100900 ms MarkObjects: 1.622000 ms  DeleteObjects: 0.061000 ms)

========================================================================
Received Import Request.
  path: Assets/Resources/GameObject/Enemy/Mine.prefab
  artifactKey: Guid(15a2c1bc569ea734a9dae8b43cc4d85c) Importer(815301076,1909f56bfc062723c751e8b465ee728b)
Start importing Assets/Resources/GameObject/Enemy/Mine.prefab using Guid(15a2c1bc569ea734a9dae8b43cc4d85c) Importer(815301076,1909f56bfc062723c751e8b465ee728b)  -> (artifact id: '2e96ce499b00491d336f42fdb03899d4') in 0.057379 seconds
  Import took 0.060227 seconds .

========================================================================
Received Import Request.
  Time since last request: 8.262486 seconds.
  path: Assets/ScenesAndScript/Level/CustomLevel/Editor
  artifactKey: Guid(285917d18a8a60645a909c8e3f0f5160) Importer(815301076,1909f56bfc062723c751e8b465ee728b)
Start importing Assets/ScenesAndScript/Level/CustomLevel/Editor using Guid(285917d18a8a60645a909c8e3f0f5160) Importer(815301076,1909f56bfc062723c751e8b465ee728b)  -> (artifact id: '6fe9b44377bd8f3d942a7b26f7b4d09e') in 0.001435 seconds
  Import took 0.004135 seconds .

========================================================================
Received Import Request.
  Time since last request: 0.000988 seconds.
  path: Assets/ScenesAndScript/Level/CustomLevel/Editor
  artifactKey: Guid(285917d18a8a60645a909c8e3f0f5160) Importer(815301076,1909f56bfc062723c751e8b465ee728b)
Start importing Assets/ScenesAndScript/Level/CustomLevel/Editor using Guid(285917d18a8a60645a909c8e3f0f5160) Importer(815301076,1909f56bfc062723c751e8b465ee728b)  -> (artifact id: '6fe9b44377bd8f3d942a7b26f7b4d09e') in 0.001329 seconds
  Import took 0.003867 seconds .

========================================================================
Received Import Request.
  Time since last request: 112.932772 seconds.
  path: Assets/ScenesAndScript/Level/CustomLevel/Lvl.unity
  artifactKey: Guid(ea48b1797e145604980b84c32ecbc5cd) Importer(815301076,1909f56bfc062723c751e8b465ee728b)
Start importing Assets/ScenesAndScript/Level/CustomLevel/Lvl.unity using Guid(ea48b1797e145604980b84c32ecbc5cd) Importer(815301076,1909f56bfc062723c751e8b465ee728b)  -> (artifact id: 'cab3a530cf52b4ffaeefb9ae2f10fb06') in 0.001867 seconds
  Import took 0.004719 seconds .

========================================================================
Received Import Request.
  Time since last request: 0.000297 seconds.
  path: Assets/ScenesAndScript/Level/CustomLevel/Lvl.unity
  artifactKey: Guid(ea48b1797e145604980b84c32ecbc5cd) Importer(815301076,1909f56bfc062723c751e8b465ee728b)
Start importing Assets/ScenesAndScript/Level/CustomLevel/Lvl.unity using Guid(ea48b1797e145604980b84c32ecbc5cd) Importer(815301076,1909f56bfc062723c751e8b465ee728b)  -> (artifact id: 'cab3a530cf52b4ffaeefb9ae2f10fb06') in 0.001594 seconds
  Import took 0.004094 seconds .

========================================================================
Received Prepare
Registering precompiled user dll's ...
Registered in 0.000975 seconds.
Begin MonoManager ReloadAssembly
Native extension for Lumin target not found
Native extension for LinuxStandalone target not found
Native extension for WindowsStandalone target not found
Native extension for OSXStandalone target not found
Native extension for WebGL target not found
Refreshing native plugins compatible for Editor in 0.52 ms, found 1 plugins.
Preloading 0 native plugins for Editor in 0.00 ms.
Invoked RoslynAnalysisRunner static constructor.
RoslynAnalysisRunner will not be running.
RoslynAnalysisRunner has terminated.
Mono: successfully reloaded assembly
- Completed reload, in  0.779 seconds
Platform modules already initialized, skipping
Refreshing native plugins compatible for Editor in 0.53 ms, found 1 plugins.
Preloading 0 native plugins for Editor in 0.00 ms.
Unloading 2086 Unused Serialized files (Serialized files now loaded: 0)
System memory in use before: 93.4 MB.
System memory in use after: 93.5 MB.

Unloading 23 unused Assets to reduce memory usage. Loaded Objects now: 2536.
Total: 1.791300 ms (FindLiveObjects: 0.204800 ms CreateObjectMapping: 0.078800 ms MarkObjects: 1.489700 ms  DeleteObjects: 0.017100 ms)

========================================================================
Received Prepare
Registering precompiled user dll's ...
Registered in 0.000962 seconds.
Begin MonoManager ReloadAssembly
Native extension for Lumin target not found
Native extension for LinuxStandalone target not found
Native extension for WindowsStandalone target not found
Native extension for OSXStandalone target not found
Native extension for WebGL target not found
Refreshing native plugins compatible for Editor in 0.51 ms, found 1 plugins.
Preloading 0 native plugins for Editor in 0.00 ms.
Invoked RoslynAnalysisRunner static constructor.
RoslynAnalysisRunner will not be running.
RoslynAnalysisRunner has terminated.
Mono: successfully reloaded assembly
- Completed reload, in  0.760 seconds
Platform modules already initialized, skipping
Refreshing native plugins compatible for Editor in 0.51 ms, found 1 plugins.
Preloading 0 native plugins for Editor in 0.00 ms.
Unloading 2086 Unused Serialized files (Serialized files now loaded: 0)
System memory in use before: 93.5 MB.
System memory in use after: 93.7 MB.

Unloading 23 unused Assets to reduce memory usage. Loaded Objects now: 2539.
Total: 1.909000 ms (FindLiveObjects: 0.209300 ms CreateObjectMapping: 0.088100 ms MarkObjects: 1.593300 ms  DeleteObjects: 0.017400 ms)

========================================================================
Received Prepare
Registering precompiled user dll's ...
Registered in 0.000965 seconds.
Begin MonoManager ReloadAssembly
Native extension for Lumin target not found
Native extension for LinuxStandalone target not found
Native extension for WindowsStandalone target not found
Native extension for OSXStandalone target not found
Native extension for WebGL target not found
Refreshing native plugins compatible for Editor in 0.52 ms, found 1 plugins.
Preloading 0 native plugins for Editor in 0.00 ms.
Invoked RoslynAnalysisRunner static constructor.
RoslynAnalysisRunner will not be running.
RoslynAnalysisRunner has terminated.
Mono: successfully reloaded assembly
- Completed reload, in  0.758 seconds
Platform modules already initialized, skipping
Refreshing native plugins compatible for Editor in 0.54 ms, found 1 plugins.
Preloading 0 native plugins for Editor in 0.00 ms.
Unloading 2086 Unused Serialized files (Serialized files now loaded: 0)
System memory in use before: 93.6 MB.
System memory in use after: 93.8 MB.

Unloading 23 unused Assets to reduce memory usage. Loaded Objects now: 2542.
Total: 1.956100 ms (FindLiveObjects: 0.231300 ms CreateObjectMapping: 0.095000 ms MarkObjects: 1.612700 ms  DeleteObjects: 0.016200 ms)

========================================================================
Received Prepare
Registering precompiled user dll's ...
Registered in 0.001003 seconds.
Begin MonoManager ReloadAssembly
Native extension for Lumin target not found
Native extension for LinuxStandalone target not found
Native extension for WindowsStandalone target not found
Native extension for OSXStandalone target not found
Native extension for WebGL target not found
Refreshing native plugins compatible for Editor in 0.54 ms, found 1 plugins.
Preloading 0 native plugins for Editor in 0.00 ms.
Invoked RoslynAnalysisRunner static constructor.
RoslynAnalysisRunner will not be running.
RoslynAnalysisRunner has terminated.
Mono: successfully reloaded assembly
- Completed reload, in  0.781 seconds
Platform modules already initialized, skipping
Refreshing native plugins compatible for Editor in 0.67 ms, found 1 plugins.
Preloading 0 native plugins for Editor in 0.00 ms.
Unloading 2086 Unused Serialized files (Serialized files now loaded: 0)
System memory in use before: 93.7 MB.
System memory in use after: 93.9 MB.

Unloading 23 unused Assets to reduce memory usage. Loaded Objects now: 2545.
Total: 3.282300 ms (FindLiveObjects: 0.372500 ms CreateObjectMapping: 0.145400 ms MarkObjects: 2.734400 ms  DeleteObjects: 0.028100 ms)

========================================================================
Received Prepare
Registering precompiled user dll's ...
Registered in 0.000948 seconds.
Begin MonoManager ReloadAssembly
Native extension for Lumin target not found
Native extension for LinuxStandalone target not found
Native extension for WindowsStandalone target not found
Native extension for OSXStandalone target not found
Native extension for WebGL target not found
Refreshing native plugins compatible for Editor in 0.51 ms, found 1 plugins.
Preloading 0 native plugins for Editor in 0.00 ms.
Invoked RoslynAnalysisRunner static constructor.
RoslynAnalysisRunner will not be running.
RoslynAnalysisRunner has terminated.
Mono: successfully reloaded assembly
- Completed reload, in  0.773 seconds
Platform modules already initialized, skipping
Refreshing native plugins compatible for Editor in 0.72 ms, found 1 plugins.
Preloading 0 native plugins for Editor in 0.00 ms.
Unloading 2086 Unused Serialized files (Serialized files now loaded: 0)
System memory in use before: 93.8 MB.
System memory in use after: 94.0 MB.

Unloading 23 unused Assets to reduce memory usage. Loaded Objects now: 2548.
Total: 1.970400 ms (FindLiveObjects: 0.257600 ms CreateObjectMapping: 0.084700 ms MarkObjects: 1.610900 ms  DeleteObjects: 0.016000 ms)

========================================================================
Received Prepare
Registering precompiled user dll's ...
Registered in 0.000987 seconds.
Begin MonoManager ReloadAssembly
Native extension for Lumin target not found
Native extension for LinuxStandalone target not found
Native extension for WindowsStandalone target not found
Native extension for OSXStandalone target not found
Native extension for WebGL target not found
Refreshing native plugins compatible for Editor in 0.51 ms, found 1 plugins.
Preloading 0 native plugins for Editor in 0.00 ms.
Invoked RoslynAnalysisRunner static constructor.
RoslynAnalysisRunner will not be running.
RoslynAnalysisRunner has terminated.
Mono: successfully reloaded assembly
- Completed reload, in  0.762 seconds
Platform modules already initialized, skipping
Refreshing native plugins compatible for Editor in 0.52 ms, found 1 plugins.
Preloading 0 native plugins for Editor in 0.00 ms.
Unloading 2086 Unused Serialized files (Serialized files now loaded: 0)
System memory in use before: 93.9 MB.
System memory in use after: 94.1 MB.

Unloading 23 unused Assets to reduce memory usage. Loaded Objects now: 2551.
Total: 1.841000 ms (FindLiveObjects: 0.269300 ms CreateObjectMapping: 0.095900 ms MarkObjects: 1.457500 ms  DeleteObjects: 0.017300 ms)

========================================================================
Received Prepare
Registering precompiled user dll's ...
Registered in 0.000907 seconds.
Begin MonoManager ReloadAssembly
Native extension for Lumin target not found
Native extension for LinuxStandalone target not found
Native extension for WindowsStandalone target not found
Native extension for OSXStandalone target not found
Native extension for WebGL target not found
Refreshing native plugins compatible for Editor in 0.53 ms, found 1 plugins.
Preloading 0 native plugins for Editor in 0.00 ms.
Invoked RoslynAnalysisRunner static constructor.
RoslynAnalysisRunner will not be running.
RoslynAnalysisRunner has terminated.
Mono: successfully reloaded assembly
- Completed reload, in  0.785 seconds
Platform modules already initialized, skipping
Refreshing native plugins compatible for Editor in 0.54 ms, found 1 plugins.
Preloading 0 native plugins for Editor in 0.00 ms.
Unloading 2086 Unused Serialized files (Serialized files now loaded: 0)
System memory in use before: 94.0 MB.
System memory in use after: 94.1 MB.

Unloading 23 unused Assets to reduce memory usage. Loaded Objects now: 2554.
Total: 1.918800 ms (FindLiveObjects: 0.195800 ms CreateObjectMapping: 0.071700 ms MarkObjects: 1.633400 ms  DeleteObjects: 0.017000 ms)

========================================================================
Received Prepare
Registering precompiled user dll's ...
Registered in 0.001000 seconds.
Begin MonoManager ReloadAssembly
Native extension for Lumin target not found
Native extension for LinuxStandalone target not found
Native extension for WindowsStandalone target not found
Native extension for OSXStandalone target not found
Native extension for WebGL target not found
Refreshing native plugins compatible for Editor in 0.53 ms, found 1 plugins.
Preloading 0 native plugins for Editor in 0.00 ms.
Invoked RoslynAnalysisRunner static constructor.
RoslynAnalysisRunner will not be running.
RoslynAnalysisRunner has terminated.
Mono: successfully reloaded assembly
- Completed reload, in  0.754 seconds
Platform modules already initialized, skipping
Refreshing native plugins compatible for Editor in 0.51 ms, found 1 plugins.
Preloading 0 native plugins for Editor in 0.00 ms.
Unloading 2086 Unused Serialized files (Serialized files now loaded: 0)
System memory in use before: 94.1 MB.
System memory in use after: 94.2 MB.

Unloading 23 unused Assets to reduce memory usage. Loaded Objects now: 2557.
Total: 2.240700 ms (FindLiveObjects: 0.374400 ms CreateObjectMapping: 0.152700 ms MarkObjects: 1.694200 ms  DeleteObjects: 0.018000 ms)

========================================================================
Received Prepare
Registering precompiled user dll's ...
Registered in 0.000953 seconds.
Begin MonoManager ReloadAssembly
Native extension for Lumin target not found
Native extension for LinuxStandalone target not found
Native extension for WindowsStandalone target not found
Native extension for OSXStandalone target not found
Native extension for WebGL target not found
Refreshing native plugins compatible for Editor in 0.52 ms, found 1 plugins.
Preloading 0 native plugins for Editor in 0.00 ms.
Invoked RoslynAnalysisRunner static constructor.
RoslynAnalysisRunner will not be running.
RoslynAnalysisRunner has terminated.
Mono: successfully reloaded assembly
- Completed reload, in  0.740 seconds
Platform modules already initialized, skipping
Refreshing native plugins compatible for Editor in 0.48 ms, found 1 plugins.
Preloading 0 native plugins for Editor in 0.00 ms.
Unloading 2086 Unused Serialized files (Serialized files now loaded: 0)
System memory in use before: 94.2 MB.
System memory in use after: 94.3 MB.

Unloading 23 unused Assets to reduce memory usage. Loaded Objects now: 2560.
Total: 1.896900 ms (FindLiveObjects: 0.208600 ms CreateObjectMapping: 0.080400 ms MarkObjects: 1.588700 ms  DeleteObjects: 0.018200 ms)

========================================================================
Received Import Request.
  Time since last request: 605.477223 seconds.
  path: Assets/Resources/GameObject/Island/Island 1.prefab
  artifactKey: Guid(dbe56417f2e75ed42947355bc703375c) Importer(815301076,1909f56bfc062723c751e8b465ee728b)
Start importing Assets/Resources/GameObject/Island/Island 1.prefab using Guid(dbe56417f2e75ed42947355bc703375c) Importer(815301076,1909f56bfc062723c751e8b465ee728b)  -> (artifact id: 'aa45b816dfc4e1c91563c71183a8a495') in 0.027134 seconds
  Import took 0.030476 seconds .

========================================================================
Received Import Request.
  Time since last request: 0.000219 seconds.
  path: Assets/Resources/GameObject/Island/Island 3.prefab
  artifactKey: Guid(8846a77615d211248834987dded34331) Importer(815301076,1909f56bfc062723c751e8b465ee728b)
Start importing Assets/Resources/GameObject/Island/Island 3.prefab using Guid(8846a77615d211248834987dded34331) Importer(815301076,1909f56bfc062723c751e8b465ee728b)  -> (artifact id: 'fe1f8096a1fa9f4876616c830679f051') in 0.004197 seconds
  Import took 0.007316 seconds .

========================================================================
Received Import Request.
  Time since last request: 0.000193 seconds.
  path: Assets/Resources/GameObject/Island/Island 2.prefab
  artifactKey: Guid(42822a8180d46c546898631dcbf87d3e) Importer(815301076,1909f56bfc062723c751e8b465ee728b)
Start importing Assets/Resources/GameObject/Island/Island 2.prefab using Guid(42822a8180d46c546898631dcbf87d3e) Importer(815301076,1909f56bfc062723c751e8b465ee728b)  -> (artifact id: '8419dafb33db8388400138099189f052') in 0.007565 seconds
  Import took 0.010636 seconds .

========================================================================
Received Import Request.
  Time since last request: 0.414785 seconds.
  path: Assets/Resources/GameObject/Player/Ball.prefab
  artifactKey: Guid(f9f4290f610af134d8804a0251ef52b3) Importer(815301076,1909f56bfc062723c751e8b465ee728b)
Start importing Assets/Resources/GameObject/Player/Ball.prefab using Guid(f9f4290f610af134d8804a0251ef52b3) Importer(815301076,1909f56bfc062723c751e8b465ee728b)  -> (artifact id: '6145623b712de595d6286663bf2c8a2e') in 0.003712 seconds
  Import took 0.006844 seconds .

========================================================================
Received Import Request.
  Time since last request: 1.868542 seconds.
  path: Assets/Resources/GameObject/Player/BallScript.cs
  artifactKey: Guid(c2ebfd4220fa91f4e8d18b304c9f638f) Importer(815301076,1909f56bfc062723c751e8b465ee728b)
Start importing Assets/Resources/GameObject/Player/BallScript.cs using Guid(c2ebfd4220fa91f4e8d18b304c9f638f) Importer(815301076,1909f56bfc062723c751e8b465ee728b)  -> (artifact id: '98d546fd7c832e45da39a7320fb87bd7') in 0.005201 seconds
  Import took 0.008075 seconds .

========================================================================
Received Prepare
Registering precompiled user dll's ...
Registered in 0.001018 seconds.
Begin MonoManager ReloadAssembly
Native extension for Lumin target not found
Native extension for LinuxStandalone target not found
Native extension for WindowsStandalone target not found
Native extension for OSXStandalone target not found
Native extension for WebGL target not found
Refreshing native plugins compatible for Editor in 0.52 ms, found 1 plugins.
Preloading 0 native plugins for Editor in 0.00 ms.
Invoked RoslynAnalysisRunner static constructor.
RoslynAnalysisRunner will not be running.
RoslynAnalysisRunner has terminated.
Mono: successfully reloaded assembly
- Completed reload, in  0.801 seconds
Platform modules already initialized, skipping
Refreshing native plugins compatible for Editor in 0.55 ms, found 1 plugins.
Preloading 0 native plugins for Editor in 0.00 ms.
Unloading 2086 Unused Serialized files (Serialized files now loaded: 0)
System memory in use before: 94.3 MB.
System memory in use after: 94.4 MB.

Unloading 23 unused Assets to reduce memory usage. Loaded Objects now: 2563.
Total: 1.787200 ms (FindLiveObjects: 0.219500 ms CreateObjectMapping: 0.086900 ms MarkObjects: 1.462300 ms  DeleteObjects: 0.017700 ms)

========================================================================
Received Import Request.
  Time since last request: 825.559918 seconds.
  path: Assets/Resources/GameObject/Player/Ball.prefab
  artifactKey: Guid(f9f4290f610af134d8804a0251ef52b3) Importer(815301076,1909f56bfc062723c751e8b465ee728b)
Start importing Assets/Resources/GameObject/Player/Ball.prefab using Guid(f9f4290f610af134d8804a0251ef52b3) Importer(815301076,1909f56bfc062723c751e8b465ee728b)  -> (artifact id: '83e66813e2c30da0222ac8949e253fdc') in 0.027993 seconds
  Import took 0.030934 seconds .

========================================================================
Received Import Request.
  Time since last request: 2.501103 seconds.
  path: Assets/Resources/GameObject/Player/BallScript.cs
  artifactKey: Guid(c2ebfd4220fa91f4e8d18b304c9f638f) Importer(815301076,1909f56bfc062723c751e8b465ee728b)
Start importing Assets/Resources/GameObject/Player/BallScript.cs using Guid(c2ebfd4220fa91f4e8d18b304c9f638f) Importer(815301076,1909f56bfc062723c751e8b465ee728b)  -> (artifact id: 'b1612579dd0f2508d1c6e7fb29815ede') in 0.001751 seconds
  Import took 0.004657 seconds .

========================================================================
Received Import Request.
  Time since last request: 0.000972 seconds.
  path: Assets/Resources/GameObject/Player/BallScript.cs
  artifactKey: Guid(c2ebfd4220fa91f4e8d18b304c9f638f) Importer(815301076,1909f56bfc062723c751e8b465ee728b)
Start importing Assets/Resources/GameObject/Player/BallScript.cs using Guid(c2ebfd4220fa91f4e8d18b304c9f638f) Importer(815301076,1909f56bfc062723c751e8b465ee728b)  -> (artifact id: 'b1612579dd0f2508d1c6e7fb29815ede') in 0.001771 seconds
  Import took 0.005030 seconds .

========================================================================
Received Prepare
Registering precompiled user dll's ...
Registered in 0.001008 seconds.
Begin MonoManager ReloadAssembly
Native extension for Lumin target not found
Native extension for LinuxStandalone target not found
Native extension for WindowsStandalone target not found
Native extension for OSXStandalone target not found
Native extension for WebGL target not found
Refreshing native plugins compatible for Editor in 0.52 ms, found 1 plugins.
Preloading 0 native plugins for Editor in 0.00 ms.
Invoked RoslynAnalysisRunner static constructor.
RoslynAnalysisRunner will not be running.
RoslynAnalysisRunner has terminated.
Mono: successfully reloaded assembly
- Completed reload, in  0.770 seconds
Platform modules already initialized, skipping
Refreshing native plugins compatible for Editor in 0.50 ms, found 1 plugins.
Preloading 0 native plugins for Editor in 0.00 ms.
Unloading 2086 Unused Serialized files (Serialized files now loaded: 0)
System memory in use before: 94.4 MB.
System memory in use after: 94.5 MB.

Unloading 23 unused Assets to reduce memory usage. Loaded Objects now: 2566.
Total: 2.125200 ms (FindLiveObjects: 0.328200 ms CreateObjectMapping: 0.099900 ms MarkObjects: 1.675400 ms  DeleteObjects: 0.019800 ms)

========================================================================
Received Import Request.
  Time since last request: 358.696088 seconds.
  path: Assets/Resources/GameObject/Player/BallScript.cs
  artifactKey: Guid(c2ebfd4220fa91f4e8d18b304c9f638f) Importer(815301076,1909f56bfc062723c751e8b465ee728b)
Start importing Assets/Resources/GameObject/Player/BallScript.cs using Guid(c2ebfd4220fa91f4e8d18b304c9f638f) Importer(815301076,1909f56bfc062723c751e8b465ee728b)  -> (artifact id: '93711d3c1b1de7c77a36a8f6da78fc6e') in 0.004013 seconds
  Import took 0.006926 seconds .

========================================================================
Received Prepare
Registering precompiled user dll's ...
Registered in 0.000984 seconds.
Begin MonoManager ReloadAssembly
Native extension for Lumin target not found
Native extension for LinuxStandalone target not found
Native extension for WindowsStandalone target not found
Native extension for OSXStandalone target not found
Native extension for WebGL target not found
Refreshing native plugins compatible for Editor in 0.52 ms, found 1 plugins.
Preloading 0 native plugins for Editor in 0.00 ms.
Invoked RoslynAnalysisRunner static constructor.
RoslynAnalysisRunner will not be running.
RoslynAnalysisRunner has terminated.
Mono: successfully reloaded assembly
- Completed reload, in  0.777 seconds
Platform modules already initialized, skipping
Refreshing native plugins compatible for Editor in 0.55 ms, found 1 plugins.
Preloading 0 native plugins for Editor in 0.00 ms.
Unloading 2086 Unused Serialized files (Serialized files now loaded: 0)
System memory in use before: 94.5 MB.
System memory in use after: 94.6 MB.

Unloading 23 unused Assets to reduce memory usage. Loaded Objects now: 2569.
Total: 1.777000 ms (FindLiveObjects: 0.222200 ms CreateObjectMapping: 0.093200 ms MarkObjects: 1.443500 ms  DeleteObjects: 0.017300 ms)

========================================================================
Received Prepare
Registering precompiled user dll's ...
Registered in 0.000970 seconds.
Begin MonoManager ReloadAssembly
Native extension for Lumin target not found
Native extension for LinuxStandalone target not found
Native extension for WindowsStandalone target not found
Native extension for OSXStandalone target not found
Native extension for WebGL target not found
Refreshing native plugins compatible for Editor in 0.52 ms, found 1 plugins.
Preloading 0 native plugins for Editor in 0.00 ms.
Invoked RoslynAnalysisRunner static constructor.
RoslynAnalysisRunner will not be running.
RoslynAnalysisRunner has terminated.
Mono: successfully reloaded assembly
- Completed reload, in  0.776 seconds
Platform modules already initialized, skipping
Refreshing native plugins compatible for Editor in 0.50 ms, found 1 plugins.
Preloading 0 native plugins for Editor in 0.00 ms.
Unloading 2086 Unused Serialized files (Serialized files now loaded: 0)
System memory in use before: 94.6 MB.
System memory in use after: 94.7 MB.

Unloading 23 unused Assets to reduce memory usage. Loaded Objects now: 2572.
Total: 1.973300 ms (FindLiveObjects: 0.217900 ms CreateObjectMapping: 0.085300 ms MarkObjects: 1.651700 ms  DeleteObjects: 0.017400 ms)

========================================================================
Received Import Request.
  Time since last request: 140.892423 seconds.
  path: Assets/Resources/GameObject/Enemy
  artifactKey: Guid(83000cbc278975e4684169e501baa477) Importer(815301076,1909f56bfc062723c751e8b465ee728b)
Start importing Assets/Resources/GameObject/Enemy using Guid(83000cbc278975e4684169e501baa477) Importer(815301076,1909f56bfc062723c751e8b465ee728b)  -> (artifact id: 'b09317c22db8f34108502379fae2167c') in 0.006236 seconds
  Import took 0.010057 seconds .

========================================================================
Received Prepare
Registering precompiled user dll's ...
Registered in 0.001063 seconds.
Begin MonoManager ReloadAssembly
Native extension for Lumin target not found
Native extension for LinuxStandalone target not found
Native extension for WindowsStandalone target not found
Native extension for OSXStandalone target not found
Native extension for WebGL target not found
Refreshing native plugins compatible for Editor in 0.56 ms, found 1 plugins.
Preloading 0 native plugins for Editor in 0.00 ms.
Invoked RoslynAnalysisRunner static constructor.
RoslynAnalysisRunner will not be running.
RoslynAnalysisRunner has terminated.
Mono: successfully reloaded assembly
- Completed reload, in  0.765 seconds
Platform modules already initialized, skipping
Refreshing native plugins compatible for Editor in 0.51 ms, found 1 plugins.
Preloading 0 native plugins for Editor in 0.00 ms.
Unloading 2086 Unused Serialized files (Serialized files now loaded: 0)
System memory in use before: 94.7 MB.
System memory in use after: 94.8 MB.

Unloading 23 unused Assets to reduce memory usage. Loaded Objects now: 2575.
Total: 2.084400 ms (FindLiveObjects: 0.241400 ms CreateObjectMapping: 0.098600 ms MarkObjects: 1.724100 ms  DeleteObjects: 0.019200 ms)

========================================================================
Received Import Request.
  Time since last request: 15.064608 seconds.
  path: Assets/Resources/GameObject/Enemy/Ball(Clone).controller
  artifactKey: Guid(067867d84a8f47642941988eb05fd65f) Importer(815301076,1909f56bfc062723c751e8b465ee728b)
Start importing Assets/Resources/GameObject/Enemy/Ball(Clone).controller using Guid(067867d84a8f47642941988eb05fd65f) Importer(815301076,1909f56bfc062723c751e8b465ee728b)  -> (artifact id: 'b9aade7cb7dd140e12a1ca538f77b3ca') in 0.012711 seconds
  Import took 0.015812 seconds .

========================================================================
Received Import Request.
  Time since last request: 48.293228 seconds.
  path: Assets/Resources/GameObject/Enemy/Mine.prefab
  artifactKey: Guid(15a2c1bc569ea734a9dae8b43cc4d85c) Importer(815301076,1909f56bfc062723c751e8b465ee728b)
Start importing Assets/Resources/GameObject/Enemy/Mine.prefab using Guid(15a2c1bc569ea734a9dae8b43cc4d85c) Importer(815301076,1909f56bfc062723c751e8b465ee728b)  -> (artifact id: 'a6c3e9c37740f0c5e6c0f8b80b6fdfb0') in 0.022606 seconds
  Import took 0.025675 seconds .

========================================================================
Received Prepare
Registering precompiled user dll's ...
Registered in 0.001007 seconds.
Begin MonoManager ReloadAssembly
Native extension for Lumin target not found
Native extension for LinuxStandalone target not found
Native extension for WindowsStandalone target not found
Native extension for OSXStandalone target not found
Native extension for WebGL target not found
Refreshing native plugins compatible for Editor in 0.52 ms, found 1 plugins.
Preloading 0 native plugins for Editor in 0.00 ms.
Invoked RoslynAnalysisRunner static constructor.
RoslynAnalysisRunner will not be running.
RoslynAnalysisRunner has terminated.
Mono: successfully reloaded assembly
- Completed reload, in  0.770 seconds
Platform modules already initialized, skipping
Refreshing native plugins compatible for Editor in 0.50 ms, found 1 plugins.
Preloading 0 native plugins for Editor in 0.00 ms.
Unloading 2086 Unused Serialized files (Serialized files now loaded: 0)
System memory in use before: 94.8 MB.
System memory in use after: 94.9 MB.

Unloading 23 unused Assets to reduce memory usage. Loaded Objects now: 2578.
Total: 1.989600 ms (FindLiveObjects: 0.227600 ms CreateObjectMapping: 0.086100 ms MarkObjects: 1.657300 ms  DeleteObjects: 0.017700 ms)

========================================================================
Received Import Request.
  Time since last request: 167.395812 seconds.
  path: Assets/Resources/GameObject/Enemy/Mine.controller
  artifactKey: Guid(004716681f8822b4ab65a9221e3dee20) Importer(815301076,1909f56bfc062723c751e8b465ee728b)
Start importing Assets/Resources/GameObject/Enemy/Mine.controller using Guid(004716681f8822b4ab65a9221e3dee20) Importer(815301076,1909f56bfc062723c751e8b465ee728b)  -> (artifact id: '5e0d426ba018e04faa1e2434e73646d3') in 0.011190 seconds
  Import took 0.014193 seconds .

========================================================================
Received Import Request.
  Time since last request: 2.255737 seconds.
  path: Assets/Resources/GameObject/Enemy/MineA.controller
  artifactKey: Guid(004716681f8822b4ab65a9221e3dee20) Importer(815301076,1909f56bfc062723c751e8b465ee728b)
Start importing Assets/Resources/GameObject/Enemy/MineA.controller using Guid(004716681f8822b4ab65a9221e3dee20) Importer(815301076,1909f56bfc062723c751e8b465ee728b)  -> (artifact id: '88bd2c8856361e5fa13db765dce6b77f') in 0.002285 seconds
  Import took 0.005269 seconds .

========================================================================
Received Prepare
Registering precompiled user dll's ...
Registered in 0.000959 seconds.
Begin MonoManager ReloadAssembly
Native extension for Lumin target not found
Native extension for LinuxStandalone target not found
Native extension for WindowsStandalone target not found
Native extension for OSXStandalone target not found
Native extension for WebGL target not found
Refreshing native plugins compatible for Editor in 0.53 ms, found 1 plugins.
Preloading 0 native plugins for Editor in 0.00 ms.
Invoked RoslynAnalysisRunner static constructor.
RoslynAnalysisRunner will not be running.
RoslynAnalysisRunner has terminated.
Mono: successfully reloaded assembly
- Completed reload, in  0.799 seconds
Platform modules already initialized, skipping
Refreshing native plugins compatible for Editor in 0.52 ms, found 1 plugins.
Preloading 0 native plugins for Editor in 0.00 ms.
Unloading 2086 Unused Serialized files (Serialized files now loaded: 0)
System memory in use before: 94.9 MB.
System memory in use after: 95.0 MB.

Unloading 23 unused Assets to reduce memory usage. Loaded Objects now: 2581.
Total: 1.934900 ms (FindLiveObjects: 0.202200 ms CreateObjectMapping: 0.074400 ms MarkObjects: 1.640300 ms  DeleteObjects: 0.017000 ms)

========================================================================
Received Prepare
Registering precompiled user dll's ...
Registered in 0.001007 seconds.
Begin MonoManager ReloadAssembly
Native extension for Lumin target not found
Native extension for LinuxStandalone target not found
Native extension for WindowsStandalone target not found
Native extension for OSXStandalone target not found
Native extension for WebGL target not found
Refreshing native plugins compatible for Editor in 0.55 ms, found 1 plugins.
Preloading 0 native plugins for Editor in 0.00 ms.
Invoked RoslynAnalysisRunner static constructor.
RoslynAnalysisRunner will not be running.
RoslynAnalysisRunner has terminated.
Mono: successfully reloaded assembly
- Completed reload, in  0.768 seconds
Platform modules already initialized, skipping
Refreshing native plugins compatible for Editor in 0.49 ms, found 1 plugins.
Preloading 0 native plugins for Editor in 0.00 ms.
Unloading 2086 Unused Serialized files (Serialized files now loaded: 0)
System memory in use before: 94.9 MB.
System memory in use after: 95.1 MB.

Unloading 23 unused Assets to reduce memory usage. Loaded Objects now: 2584.
Total: 2.000900 ms (FindLiveObjects: 0.263800 ms CreateObjectMapping: 0.098200 ms MarkObjects: 1.616000 ms  DeleteObjects: 0.021800 ms)

========================================================================
Received Prepare
Registering precompiled user dll's ...
Registered in 0.000994 seconds.
Begin MonoManager ReloadAssembly
Native extension for Lumin target not found
Native extension for LinuxStandalone target not found
Native extension for WindowsStandalone target not found
Native extension for OSXStandalone target not found
Native extension for WebGL target not found
Refreshing native plugins compatible for Editor in 0.52 ms, found 1 plugins.
Preloading 0 native plugins for Editor in 0.00 ms.
Invoked RoslynAnalysisRunner static constructor.
RoslynAnalysisRunner will not be running.
RoslynAnalysisRunner has terminated.
Mono: successfully reloaded assembly
- Completed reload, in  0.759 seconds
Platform modules already initialized, skipping
Refreshing native plugins compatible for Editor in 0.49 ms, found 1 plugins.
Preloading 0 native plugins for Editor in 0.00 ms.
Unloading 2086 Unused Serialized files (Serialized files now loaded: 0)
System memory in use before: 95.0 MB.
System memory in use after: 95.2 MB.

Unloading 23 unused Assets to reduce memory usage. Loaded Objects now: 2587.
Total: 1.981900 ms (FindLiveObjects: 0.226300 ms CreateObjectMapping: 0.092300 ms MarkObjects: 1.645200 ms  DeleteObjects: 0.016800 ms)

AssetImportWorkerClient::OnTransportError - code=2 error=End of file
